Performing C SOURCE FILE Test HAVE_GCC_WDOCUMENTATION failed with the following output:
Change Dir: /home/layvis/Desktop/Try/Forest/build/build_custom/CMakeFiles/CMakeTmp

Run Build Command(s):/usr/bin/gmake -f Makefile cmTC_c46ff/fast && /usr/bin/gmake  -f CMakeFiles/cmTC_c46ff.dir/build.make CMakeFiles/cmTC_c46ff.dir/build
gmake[1]: Entering directory '/home/layvis/Desktop/Try/Forest/build/build_custom/CMakeFiles/CMakeTmp'
Building C object CMakeFiles/cmTC_c46ff.dir/src.c.o
/usr/bin/cc -DHAVE_GCC_WDOCUMENTATION  -D_GNU_SOURCE=1   -Wdocumentation -o CMakeFiles/cmTC_c46ff.dir/src.c.o -c /home/layvis/Desktop/Try/Forest/build/build_custom/CMakeFiles/CMakeTmp/src.c
cc: error: unrecognized command-line option '-Wdocumentation'
gmake[1]: *** [CMakeFiles/cmTC_c46ff.dir/build.make:78: CMakeFiles/cmTC_c46ff.dir/src.c.o] Error 1
gmake[1]: Leaving directory '/home/layvis/Desktop/Try/Forest/build/build_custom/CMakeFiles/CMakeTmp'
gmake: *** [Makefile:127: cmTC_c46ff/fast] Error 2


Source file was:
int main(void) { return 0; }
Performing C SOURCE FILE Test HAVE_GCC_WDOCUMENTATION_UNKNOWN_COMMAND failed with the following output:
Change Dir: /home/layvis/Desktop/Try/Forest/build/build_custom/CMakeFiles/CMakeTmp

Run Build Command(s):/usr/bin/gmake -f Makefile cmTC_b3c17/fast && /usr/bin/gmake  -f CMakeFiles/cmTC_b3c17.dir/build.make CMakeFiles/cmTC_b3c17.dir/build
gmake[1]: Entering directory '/home/layvis/Desktop/Try/Forest/build/build_custom/CMakeFiles/CMakeTmp'
Building C object CMakeFiles/cmTC_b3c17.dir/src.c.o
/usr/bin/cc -DHAVE_GCC_WDOCUMENTATION_UNKNOWN_COMMAND  -D_GNU_SOURCE=1   -Wdocumentation-unknown-command -o CMakeFiles/cmTC_b3c17.dir/src.c.o -c /home/layvis/Desktop/Try/Forest/build/build_custom/CMakeFiles/CMakeTmp/src.c
cc: error: unrecognized command-line option '-Wdocumentation-unknown-command'
gmake[1]: *** [CMakeFiles/cmTC_b3c17.dir/build.make:78: CMakeFiles/cmTC_b3c17.dir/src.c.o] Error 1
gmake[1]: Leaving directory '/home/layvis/Desktop/Try/Forest/build/build_custom/CMakeFiles/CMakeTmp'
gmake: *** [Makefile:127: cmTC_b3c17/fast] Error 2


Source file was:
int main(void) { return 0; }
Performing C SOURCE FILE Test HAVE_GCC_COMMENT_BLOCK_COMMANDS failed with the following output:
Change Dir: /home/layvis/Desktop/Try/Forest/build/build_custom/CMakeFiles/CMakeTmp

Run Build Command(s):/usr/bin/gmake -f Makefile cmTC_ce336/fast && /usr/bin/gmake  -f CMakeFiles/cmTC_ce336.dir/build.make CMakeFiles/cmTC_ce336.dir/build
gmake[1]: Entering directory '/home/layvis/Desktop/Try/Forest/build/build_custom/CMakeFiles/CMakeTmp'
Building C object CMakeFiles/cmTC_ce336.dir/src.c.o
/usr/bin/cc -DHAVE_GCC_COMMENT_BLOCK_COMMANDS  -D_GNU_SOURCE=1   -fcomment-block-commands=threadsafety -o CMakeFiles/cmTC_ce336.dir/src.c.o -c /home/layvis/Desktop/Try/Forest/build/build_custom/CMakeFiles/CMakeTmp/src.c
cc: error: unrecognized command-line option '-fcomment-block-commands=threadsafety'
gmake[1]: *** [CMakeFiles/cmTC_ce336.dir/build.make:78: CMakeFiles/cmTC_ce336.dir/src.c.o] Error 1
gmake[1]: Leaving directory '/home/layvis/Desktop/Try/Forest/build/build_custom/CMakeFiles/CMakeTmp'
gmake: *** [Makefile:127: cmTC_ce336/fast] Error 2


Source file was:
int main(void) { return 0; }
Performing C SOURCE FILE Test HAVE_CLANG_COMMENT_BLOCK_COMMANDS failed with the following output:
Change Dir: /home/layvis/Desktop/Try/Forest/build/build_custom/CMakeFiles/CMakeTmp

Run Build Command(s):/usr/bin/gmake -f Makefile cmTC_ac100/fast && /usr/bin/gmake  -f CMakeFiles/cmTC_ac100.dir/build.make CMakeFiles/cmTC_ac100.dir/build
gmake[1]: Entering directory '/home/layvis/Desktop/Try/Forest/build/build_custom/CMakeFiles/CMakeTmp'
Building C object CMakeFiles/cmTC_ac100.dir/src.c.o
/usr/bin/cc -DHAVE_CLANG_COMMENT_BLOCK_COMMANDS  -D_GNU_SOURCE=1   /clang:-fcomment-block-commands=threadsafety -o CMakeFiles/cmTC_ac100.dir/src.c.o -c /home/layvis/Desktop/Try/Forest/build/build_custom/CMakeFiles/CMakeTmp/src.c
cc: warning: /clang:-fcomment-block-commands=threadsafety: linker input file unused because linking not done
cc: error: /clang:-fcomment-block-commands=threadsafety: linker input file not found: No such file or directory
gmake[1]: *** [CMakeFiles/cmTC_ac100.dir/build.make:78: CMakeFiles/cmTC_ac100.dir/src.c.o] Error 1
gmake[1]: *** Deleting file 'CMakeFiles/cmTC_ac100.dir/src.c.o'
gmake[1]: Leaving directory '/home/layvis/Desktop/Try/Forest/build/build_custom/CMakeFiles/CMakeTmp'
gmake: *** [Makefile:127: cmTC_ac100/fast] Error 2


Source file was:
int main(void) { return 0; }
Determining if the _i64toa exist failed with the following output:
Change Dir: /home/layvis/Desktop/Try/Forest/build/build_custom/CMakeFiles/CMakeTmp

Run Build Command(s):/usr/bin/gmake -f Makefile cmTC_96373/fast && /usr/bin/gmake  -f CMakeFiles/cmTC_96373.dir/build.make CMakeFiles/cmTC_96373.dir/build
gmake[1]: Entering directory '/home/layvis/Desktop/Try/Forest/build/build_custom/CMakeFiles/CMakeTmp'
Building C object CMakeFiles/cmTC_96373.dir/CheckSymbolExists.c.o
/usr/bin/cc   -D_GNU_SOURCE=1 -o CMakeFiles/cmTC_96373.dir/CheckSymbolExists.c.o -c /home/layvis/Desktop/Try/Forest/build/build_custom/CMakeFiles/CMakeTmp/CheckSymbolExists.c
/home/layvis/Desktop/Try/Forest/build/build_custom/CMakeFiles/CMakeTmp/CheckSymbolExists.c: In function ‘main’:
/home/layvis/Desktop/Try/Forest/build/build_custom/CMakeFiles/CMakeTmp/CheckSymbolExists.c:26:19: error: ‘_i64toa’ undeclared (first use in this function)
   26 |   return ((int*)(&_i64toa))[argc];
      |                   ^~~~~~~
/home/layvis/Desktop/Try/Forest/build/build_custom/CMakeFiles/CMakeTmp/CheckSymbolExists.c:26:19: note: each undeclared identifier is reported only once for each function it appears in
gmake[1]: *** [CMakeFiles/cmTC_96373.dir/build.make:78: CMakeFiles/cmTC_96373.dir/CheckSymbolExists.c.o] Error 1
gmake[1]: Leaving directory '/home/layvis/Desktop/Try/Forest/build/build_custom/CMakeFiles/CMakeTmp'
gmake: *** [Makefile:127: cmTC_96373/fast] Error 2


File /home/layvis/Desktop/Try/Forest/build/build_custom/CMakeFiles/CMakeTmp/CheckSymbolExists.c:
/* */
#include <float.h>
#include <iconv.h>
#include <inttypes.h>
#include <limits.h>
#include <malloc.h>
#include <math.h>
#include <memory.h>
#include <signal.h>
#include <stdarg.h>
#include <stdbool.h>
#include <stddef.h>
#include <stdint.h>
#include <stdio.h>
#include <stdlib.h>
#include <string.h>
#include <strings.h>
#include <sys/types.h>
#include <time.h>
#include <wchar.h>

int main(int argc, char** argv)
{
  (void)argv;
#ifndef _i64toa
  return ((int*)(&_i64toa))[argc];
#else
  (void)argc;
  return 0;
#endif
}
Determining if the itoa exist failed with the following output:
Change Dir: /home/layvis/Desktop/Try/Forest/build/build_custom/CMakeFiles/CMakeTmp

Run Build Command(s):/usr/bin/gmake -f Makefile cmTC_57191/fast && /usr/bin/gmake  -f CMakeFiles/cmTC_57191.dir/build.make CMakeFiles/cmTC_57191.dir/build
gmake[1]: Entering directory '/home/layvis/Desktop/Try/Forest/build/build_custom/CMakeFiles/CMakeTmp'
Building C object CMakeFiles/cmTC_57191.dir/CheckSymbolExists.c.o
/usr/bin/cc   -D_GNU_SOURCE=1 -o CMakeFiles/cmTC_57191.dir/CheckSymbolExists.c.o -c /home/layvis/Desktop/Try/Forest/build/build_custom/CMakeFiles/CMakeTmp/CheckSymbolExists.c
/home/layvis/Desktop/Try/Forest/build/build_custom/CMakeFiles/CMakeTmp/CheckSymbolExists.c: In function ‘main’:
/home/layvis/Desktop/Try/Forest/build/build_custom/CMakeFiles/CMakeTmp/CheckSymbolExists.c:26:19: error: ‘itoa’ undeclared (first use in this function)
   26 |   return ((int*)(&itoa))[argc];
      |                   ^~~~
/home/layvis/Desktop/Try/Forest/build/build_custom/CMakeFiles/CMakeTmp/CheckSymbolExists.c:26:19: note: each undeclared identifier is reported only once for each function it appears in
gmake[1]: *** [CMakeFiles/cmTC_57191.dir/build.make:78: CMakeFiles/cmTC_57191.dir/CheckSymbolExists.c.o] Error 1
gmake[1]: Leaving directory '/home/layvis/Desktop/Try/Forest/build/build_custom/CMakeFiles/CMakeTmp'
gmake: *** [Makefile:127: cmTC_57191/fast] Error 2


File /home/layvis/Desktop/Try/Forest/build/build_custom/CMakeFiles/CMakeTmp/CheckSymbolExists.c:
/* */
#include <float.h>
#include <iconv.h>
#include <inttypes.h>
#include <limits.h>
#include <malloc.h>
#include <math.h>
#include <memory.h>
#include <signal.h>
#include <stdarg.h>
#include <stdbool.h>
#include <stddef.h>
#include <stdint.h>
#include <stdio.h>
#include <stdlib.h>
#include <string.h>
#include <strings.h>
#include <sys/types.h>
#include <time.h>
#include <wchar.h>

int main(int argc, char** argv)
{
  (void)argv;
#ifndef itoa
  return ((int*)(&itoa))[argc];
#else
  (void)argc;
  return 0;
#endif
}
Determining if the _ltoa exist failed with the following output:
Change Dir: /home/layvis/Desktop/Try/Forest/build/build_custom/CMakeFiles/CMakeTmp

Run Build Command(s):/usr/bin/gmake -f Makefile cmTC_bc50d/fast && /usr/bin/gmake  -f CMakeFiles/cmTC_bc50d.dir/build.make CMakeFiles/cmTC_bc50d.dir/build
gmake[1]: Entering directory '/home/layvis/Desktop/Try/Forest/build/build_custom/CMakeFiles/CMakeTmp'
Building C object CMakeFiles/cmTC_bc50d.dir/CheckSymbolExists.c.o
/usr/bin/cc   -D_GNU_SOURCE=1 -o CMakeFiles/cmTC_bc50d.dir/CheckSymbolExists.c.o -c /home/layvis/Desktop/Try/Forest/build/build_custom/CMakeFiles/CMakeTmp/CheckSymbolExists.c
/home/layvis/Desktop/Try/Forest/build/build_custom/CMakeFiles/CMakeTmp/CheckSymbolExists.c: In function ‘main’:
/home/layvis/Desktop/Try/Forest/build/build_custom/CMakeFiles/CMakeTmp/CheckSymbolExists.c:26:19: error: ‘_ltoa’ undeclared (first use in this function)
   26 |   return ((int*)(&_ltoa))[argc];
      |                   ^~~~~
/home/layvis/Desktop/Try/Forest/build/build_custom/CMakeFiles/CMakeTmp/CheckSymbolExists.c:26:19: note: each undeclared identifier is reported only once for each function it appears in
gmake[1]: *** [CMakeFiles/cmTC_bc50d.dir/build.make:78: CMakeFiles/cmTC_bc50d.dir/CheckSymbolExists.c.o] Error 1
gmake[1]: Leaving directory '/home/layvis/Desktop/Try/Forest/build/build_custom/CMakeFiles/CMakeTmp'
gmake: *** [Makefile:127: cmTC_bc50d/fast] Error 2


File /home/layvis/Desktop/Try/Forest/build/build_custom/CMakeFiles/CMakeTmp/CheckSymbolExists.c:
/* */
#include <float.h>
#include <iconv.h>
#include <inttypes.h>
#include <limits.h>
#include <malloc.h>
#include <math.h>
#include <memory.h>
#include <signal.h>
#include <stdarg.h>
#include <stdbool.h>
#include <stddef.h>
#include <stdint.h>
#include <stdio.h>
#include <stdlib.h>
#include <string.h>
#include <strings.h>
#include <sys/types.h>
#include <time.h>
#include <wchar.h>

int main(int argc, char** argv)
{
  (void)argv;
#ifndef _ltoa
  return ((int*)(&_ltoa))[argc];
#else
  (void)argc;
  return 0;
#endif
}
Determining if the sqr exist failed with the following output:
Change Dir: /home/layvis/Desktop/Try/Forest/build/build_custom/CMakeFiles/CMakeTmp

Run Build Command(s):/usr/bin/gmake -f Makefile cmTC_f2e46/fast && /usr/bin/gmake  -f CMakeFiles/cmTC_f2e46.dir/build.make CMakeFiles/cmTC_f2e46.dir/build
gmake[1]: Entering directory '/home/layvis/Desktop/Try/Forest/build/build_custom/CMakeFiles/CMakeTmp'
Building C object CMakeFiles/cmTC_f2e46.dir/CheckSymbolExists.c.o
/usr/bin/cc   -D_GNU_SOURCE=1 -o CMakeFiles/cmTC_f2e46.dir/CheckSymbolExists.c.o -c /home/layvis/Desktop/Try/Forest/build/build_custom/CMakeFiles/CMakeTmp/CheckSymbolExists.c
/home/layvis/Desktop/Try/Forest/build/build_custom/CMakeFiles/CMakeTmp/CheckSymbolExists.c: In function ‘main’:
/home/layvis/Desktop/Try/Forest/build/build_custom/CMakeFiles/CMakeTmp/CheckSymbolExists.c:26:19: error: ‘sqr’ undeclared (first use in this function); did you mean ‘sqrt’?
   26 |   return ((int*)(&sqr))[argc];
      |                   ^~~
      |                   sqrt
/home/layvis/Desktop/Try/Forest/build/build_custom/CMakeFiles/CMakeTmp/CheckSymbolExists.c:26:19: note: each undeclared identifier is reported only once for each function it appears in
gmake[1]: *** [CMakeFiles/cmTC_f2e46.dir/build.make:78: CMakeFiles/cmTC_f2e46.dir/CheckSymbolExists.c.o] Error 1
gmake[1]: Leaving directory '/home/layvis/Desktop/Try/Forest/build/build_custom/CMakeFiles/CMakeTmp'
gmake: *** [Makefile:127: cmTC_f2e46/fast] Error 2


File /home/layvis/Desktop/Try/Forest/build/build_custom/CMakeFiles/CMakeTmp/CheckSymbolExists.c:
/* */
#include <float.h>
#include <iconv.h>
#include <inttypes.h>
#include <limits.h>
#include <malloc.h>
#include <math.h>
#include <memory.h>
#include <signal.h>
#include <stdarg.h>
#include <stdbool.h>
#include <stddef.h>
#include <stdint.h>
#include <stdio.h>
#include <stdlib.h>
#include <string.h>
#include <strings.h>
#include <sys/types.h>
#include <time.h>
#include <wchar.h>

int main(int argc, char** argv)
{
  (void)argv;
#ifndef sqr
  return ((int*)(&sqr))[argc];
#else
  (void)argc;
  return 0;
#endif
}
Determining if the strlcat exist failed with the following output:
Change Dir: /home/layvis/Desktop/Try/Forest/build/build_custom/CMakeFiles/CMakeTmp

Run Build Command(s):/usr/bin/gmake -f Makefile cmTC_0fb12/fast && /usr/bin/gmake  -f CMakeFiles/cmTC_0fb12.dir/build.make CMakeFiles/cmTC_0fb12.dir/build
gmake[1]: Entering directory '/home/layvis/Desktop/Try/Forest/build/build_custom/CMakeFiles/CMakeTmp'
Building C object CMakeFiles/cmTC_0fb12.dir/CheckSymbolExists.c.o
/usr/bin/cc   -D_GNU_SOURCE=1 -o CMakeFiles/cmTC_0fb12.dir/CheckSymbolExists.c.o -c /home/layvis/Desktop/Try/Forest/build/build_custom/CMakeFiles/CMakeTmp/CheckSymbolExists.c
/home/layvis/Desktop/Try/Forest/build/build_custom/CMakeFiles/CMakeTmp/CheckSymbolExists.c: In function ‘main’:
/home/layvis/Desktop/Try/Forest/build/build_custom/CMakeFiles/CMakeTmp/CheckSymbolExists.c:26:19: error: ‘strlcat’ undeclared (first use in this function); did you mean ‘strncat’?
   26 |   return ((int*)(&strlcat))[argc];
      |                   ^~~~~~~
      |                   strncat
/home/layvis/Desktop/Try/Forest/build/build_custom/CMakeFiles/CMakeTmp/CheckSymbolExists.c:26:19: note: each undeclared identifier is reported only once for each function it appears in
gmake[1]: *** [CMakeFiles/cmTC_0fb12.dir/build.make:78: CMakeFiles/cmTC_0fb12.dir/CheckSymbolExists.c.o] Error 1
gmake[1]: Leaving directory '/home/layvis/Desktop/Try/Forest/build/build_custom/CMakeFiles/CMakeTmp'
gmake: *** [Makefile:127: cmTC_0fb12/fast] Error 2


File /home/layvis/Desktop/Try/Forest/build/build_custom/CMakeFiles/CMakeTmp/CheckSymbolExists.c:
/* */
#include <float.h>
#include <iconv.h>
#include <inttypes.h>
#include <limits.h>
#include <malloc.h>
#include <math.h>
#include <memory.h>
#include <signal.h>
#include <stdarg.h>
#include <stdbool.h>
#include <stddef.h>
#include <stdint.h>
#include <stdio.h>
#include <stdlib.h>
#include <string.h>
#include <strings.h>
#include <sys/types.h>
#include <time.h>
#include <wchar.h>

int main(int argc, char** argv)
{
  (void)argv;
#ifndef strlcat
  return ((int*)(&strlcat))[argc];
#else
  (void)argc;
  return 0;
#endif
}
Determining if the strlcpy exist failed with the following output:
Change Dir: /home/layvis/Desktop/Try/Forest/build/build_custom/CMakeFiles/CMakeTmp

Run Build Command(s):/usr/bin/gmake -f Makefile cmTC_c7828/fast && /usr/bin/gmake  -f CMakeFiles/cmTC_c7828.dir/build.make CMakeFiles/cmTC_c7828.dir/build
gmake[1]: Entering directory '/home/layvis/Desktop/Try/Forest/build/build_custom/CMakeFiles/CMakeTmp'
Building C object CMakeFiles/cmTC_c7828.dir/CheckSymbolExists.c.o
/usr/bin/cc   -D_GNU_SOURCE=1 -o CMakeFiles/cmTC_c7828.dir/CheckSymbolExists.c.o -c /home/layvis/Desktop/Try/Forest/build/build_custom/CMakeFiles/CMakeTmp/CheckSymbolExists.c
/home/layvis/Desktop/Try/Forest/build/build_custom/CMakeFiles/CMakeTmp/CheckSymbolExists.c: In function ‘main’:
/home/layvis/Desktop/Try/Forest/build/build_custom/CMakeFiles/CMakeTmp/CheckSymbolExists.c:26:19: error: ‘strlcpy’ undeclared (first use in this function); did you mean ‘strncpy’?
   26 |   return ((int*)(&strlcpy))[argc];
      |                   ^~~~~~~
      |                   strncpy
/home/layvis/Desktop/Try/Forest/build/build_custom/CMakeFiles/CMakeTmp/CheckSymbolExists.c:26:19: note: each undeclared identifier is reported only once for each function it appears in
gmake[1]: *** [CMakeFiles/cmTC_c7828.dir/build.make:78: CMakeFiles/cmTC_c7828.dir/CheckSymbolExists.c.o] Error 1
gmake[1]: Leaving directory '/home/layvis/Desktop/Try/Forest/build/build_custom/CMakeFiles/CMakeTmp'
gmake: *** [Makefile:127: cmTC_c7828/fast] Error 2


File /home/layvis/Desktop/Try/Forest/build/build_custom/CMakeFiles/CMakeTmp/CheckSymbolExists.c:
/* */
#include <float.h>
#include <iconv.h>
#include <inttypes.h>
#include <limits.h>
#include <malloc.h>
#include <math.h>
#include <memory.h>
#include <signal.h>
#include <stdarg.h>
#include <stdbool.h>
#include <stddef.h>
#include <stdint.h>
#include <stdio.h>
#include <stdlib.h>
#include <string.h>
#include <strings.h>
#include <sys/types.h>
#include <time.h>
#include <wchar.h>

int main(int argc, char** argv)
{
  (void)argv;
#ifndef strlcpy
  return ((int*)(&strlcpy))[argc];
#else
  (void)argc;
  return 0;
#endif
}
Determining if the strnstr exist failed with the following output:
Change Dir: /home/layvis/Desktop/Try/Forest/build/build_custom/CMakeFiles/CMakeTmp

Run Build Command(s):/usr/bin/gmake -f Makefile cmTC_63148/fast && /usr/bin/gmake  -f CMakeFiles/cmTC_63148.dir/build.make CMakeFiles/cmTC_63148.dir/build
gmake[1]: Entering directory '/home/layvis/Desktop/Try/Forest/build/build_custom/CMakeFiles/CMakeTmp'
Building C object CMakeFiles/cmTC_63148.dir/CheckSymbolExists.c.o
/usr/bin/cc   -D_GNU_SOURCE=1 -o CMakeFiles/cmTC_63148.dir/CheckSymbolExists.c.o -c /home/layvis/Desktop/Try/Forest/build/build_custom/CMakeFiles/CMakeTmp/CheckSymbolExists.c
/home/layvis/Desktop/Try/Forest/build/build_custom/CMakeFiles/CMakeTmp/CheckSymbolExists.c: In function ‘main’:
/home/layvis/Desktop/Try/Forest/build/build_custom/CMakeFiles/CMakeTmp/CheckSymbolExists.c:26:19: error: ‘strnstr’ undeclared (first use in this function); did you mean ‘strstr’?
   26 |   return ((int*)(&strnstr))[argc];
      |                   ^~~~~~~
      |                   strstr
/home/layvis/Desktop/Try/Forest/build/build_custom/CMakeFiles/CMakeTmp/CheckSymbolExists.c:26:19: note: each undeclared identifier is reported only once for each function it appears in
gmake[1]: *** [CMakeFiles/cmTC_63148.dir/build.make:78: CMakeFiles/cmTC_63148.dir/CheckSymbolExists.c.o] Error 1
gmake[1]: Leaving directory '/home/layvis/Desktop/Try/Forest/build/build_custom/CMakeFiles/CMakeTmp'
gmake: *** [Makefile:127: cmTC_63148/fast] Error 2


File /home/layvis/Desktop/Try/Forest/build/build_custom/CMakeFiles/CMakeTmp/CheckSymbolExists.c:
/* */
#include <float.h>
#include <iconv.h>
#include <inttypes.h>
#include <limits.h>
#include <malloc.h>
#include <math.h>
#include <memory.h>
#include <signal.h>
#include <stdarg.h>
#include <stdbool.h>
#include <stddef.h>
#include <stdint.h>
#include <stdio.h>
#include <stdlib.h>
#include <string.h>
#include <strings.h>
#include <sys/types.h>
#include <time.h>
#include <wchar.h>

int main(int argc, char** argv)
{
  (void)argv;
#ifndef strnstr
  return ((int*)(&strnstr))[argc];
#else
  (void)argc;
  return 0;
#endif
}
Determining if the wcslcat exist failed with the following output:
Change Dir: /home/layvis/Desktop/Try/Forest/build/build_custom/CMakeFiles/CMakeTmp

Run Build Command(s):/usr/bin/gmake -f Makefile cmTC_ceb0f/fast && /usr/bin/gmake  -f CMakeFiles/cmTC_ceb0f.dir/build.make CMakeFiles/cmTC_ceb0f.dir/build
gmake[1]: Entering directory '/home/layvis/Desktop/Try/Forest/build/build_custom/CMakeFiles/CMakeTmp'
Building C object CMakeFiles/cmTC_ceb0f.dir/CheckSymbolExists.c.o
/usr/bin/cc   -D_GNU_SOURCE=1 -o CMakeFiles/cmTC_ceb0f.dir/CheckSymbolExists.c.o -c /home/layvis/Desktop/Try/Forest/build/build_custom/CMakeFiles/CMakeTmp/CheckSymbolExists.c
/home/layvis/Desktop/Try/Forest/build/build_custom/CMakeFiles/CMakeTmp/CheckSymbolExists.c: In function ‘main’:
/home/layvis/Desktop/Try/Forest/build/build_custom/CMakeFiles/CMakeTmp/CheckSymbolExists.c:26:19: error: ‘wcslcat’ undeclared (first use in this function); did you mean ‘wcsncat’?
   26 |   return ((int*)(&wcslcat))[argc];
      |                   ^~~~~~~
      |                   wcsncat
/home/layvis/Desktop/Try/Forest/build/build_custom/CMakeFiles/CMakeTmp/CheckSymbolExists.c:26:19: note: each undeclared identifier is reported only once for each function it appears in
gmake[1]: *** [CMakeFiles/cmTC_ceb0f.dir/build.make:78: CMakeFiles/cmTC_ceb0f.dir/CheckSymbolExists.c.o] Error 1
gmake[1]: Leaving directory '/home/layvis/Desktop/Try/Forest/build/build_custom/CMakeFiles/CMakeTmp'
gmake: *** [Makefile:127: cmTC_ceb0f/fast] Error 2


File /home/layvis/Desktop/Try/Forest/build/build_custom/CMakeFiles/CMakeTmp/CheckSymbolExists.c:
/* */
#include <float.h>
#include <iconv.h>
#include <inttypes.h>
#include <limits.h>
#include <malloc.h>
#include <math.h>
#include <memory.h>
#include <signal.h>
#include <stdarg.h>
#include <stdbool.h>
#include <stddef.h>
#include <stdint.h>
#include <stdio.h>
#include <stdlib.h>
#include <string.h>
#include <strings.h>
#include <sys/types.h>
#include <time.h>
#include <wchar.h>

int main(int argc, char** argv)
{
  (void)argv;
#ifndef wcslcat
  return ((int*)(&wcslcat))[argc];
#else
  (void)argc;
  return 0;
#endif
}
Determining if the wcslcpy exist failed with the following output:
Change Dir: /home/layvis/Desktop/Try/Forest/build/build_custom/CMakeFiles/CMakeTmp

Run Build Command(s):/usr/bin/gmake -f Makefile cmTC_24d33/fast && /usr/bin/gmake  -f CMakeFiles/cmTC_24d33.dir/build.make CMakeFiles/cmTC_24d33.dir/build
gmake[1]: Entering directory '/home/layvis/Desktop/Try/Forest/build/build_custom/CMakeFiles/CMakeTmp'
Building C object CMakeFiles/cmTC_24d33.dir/CheckSymbolExists.c.o
/usr/bin/cc   -D_GNU_SOURCE=1 -o CMakeFiles/cmTC_24d33.dir/CheckSymbolExists.c.o -c /home/layvis/Desktop/Try/Forest/build/build_custom/CMakeFiles/CMakeTmp/CheckSymbolExists.c
/home/layvis/Desktop/Try/Forest/build/build_custom/CMakeFiles/CMakeTmp/CheckSymbolExists.c: In function ‘main’:
/home/layvis/Desktop/Try/Forest/build/build_custom/CMakeFiles/CMakeTmp/CheckSymbolExists.c:26:19: error: ‘wcslcpy’ undeclared (first use in this function); did you mean ‘wcsncpy’?
   26 |   return ((int*)(&wcslcpy))[argc];
      |                   ^~~~~~~
      |                   wcsncpy
/home/layvis/Desktop/Try/Forest/build/build_custom/CMakeFiles/CMakeTmp/CheckSymbolExists.c:26:19: note: each undeclared identifier is reported only once for each function it appears in
gmake[1]: *** [CMakeFiles/cmTC_24d33.dir/build.make:78: CMakeFiles/cmTC_24d33.dir/CheckSymbolExists.c.o] Error 1
gmake[1]: Leaving directory '/home/layvis/Desktop/Try/Forest/build/build_custom/CMakeFiles/CMakeTmp'
gmake: *** [Makefile:127: cmTC_24d33/fast] Error 2


File /home/layvis/Desktop/Try/Forest/build/build_custom/CMakeFiles/CMakeTmp/CheckSymbolExists.c:
/* */
#include <float.h>
#include <iconv.h>
#include <inttypes.h>
#include <limits.h>
#include <malloc.h>
#include <math.h>
#include <memory.h>
#include <signal.h>
#include <stdarg.h>
#include <stdbool.h>
#include <stddef.h>
#include <stdint.h>
#include <stdio.h>
#include <stdlib.h>
#include <string.h>
#include <strings.h>
#include <sys/types.h>
#include <time.h>
#include <wchar.h>

int main(int argc, char** argv)
{
  (void)argv;
#ifndef wcslcpy
  return ((int*)(&wcslcpy))[argc];
#else
  (void)argc;
  return 0;
#endif
}
Determining if the sysctlbyname exist failed with the following output:
Change Dir: /home/layvis/Desktop/Try/Forest/build/build_custom/CMakeFiles/CMakeTmp

Run Build Command(s):/usr/bin/gmake -f Makefile cmTC_02984/fast && /usr/bin/gmake  -f CMakeFiles/cmTC_02984.dir/build.make CMakeFiles/cmTC_02984.dir/build
gmake[1]: Entering directory '/home/layvis/Desktop/Try/Forest/build/build_custom/CMakeFiles/CMakeTmp'
Building C object CMakeFiles/cmTC_02984.dir/CheckSymbolExists.c.o
/usr/bin/cc   -D_GNU_SOURCE=1 -o CMakeFiles/cmTC_02984.dir/CheckSymbolExists.c.o -c /home/layvis/Desktop/Try/Forest/build/build_custom/CMakeFiles/CMakeTmp/CheckSymbolExists.c
/home/layvis/Desktop/Try/Forest/build/build_custom/CMakeFiles/CMakeTmp/CheckSymbolExists.c:3:10: fatal error: sys/sysctl.h: No such file or directory
    3 | #include <sys/sysctl.h>
      |          ^~~~~~~~~~~~~~
compilation terminated.
gmake[1]: *** [CMakeFiles/cmTC_02984.dir/build.make:78: CMakeFiles/cmTC_02984.dir/CheckSymbolExists.c.o] Error 1
gmake[1]: Leaving directory '/home/layvis/Desktop/Try/Forest/build/build_custom/CMakeFiles/CMakeTmp'
gmake: *** [Makefile:127: cmTC_02984/fast] Error 2


File /home/layvis/Desktop/Try/Forest/build/build_custom/CMakeFiles/CMakeTmp/CheckSymbolExists.c:
/* */
#include <sys/types.h>
#include <sys/sysctl.h>

int main(int argc, char** argv)
{
  (void)argv;
#ifndef sysctlbyname
  return ((int*)(&sysctlbyname))[argc];
#else
  (void)argc;
  return 0;
#endif
}
Determining if the elf_aux_info exist failed with the following output:
Change Dir: /home/layvis/Desktop/Try/Forest/build/build_custom/CMakeFiles/CMakeTmp

Run Build Command(s):/usr/bin/gmake -f Makefile cmTC_d6835/fast && /usr/bin/gmake  -f CMakeFiles/cmTC_d6835.dir/build.make CMakeFiles/cmTC_d6835.dir/build
gmake[1]: Entering directory '/home/layvis/Desktop/Try/Forest/build/build_custom/CMakeFiles/CMakeTmp'
Building C object CMakeFiles/cmTC_d6835.dir/CheckSymbolExists.c.o
/usr/bin/cc   -D_GNU_SOURCE=1 -o CMakeFiles/cmTC_d6835.dir/CheckSymbolExists.c.o -c /home/layvis/Desktop/Try/Forest/build/build_custom/CMakeFiles/CMakeTmp/CheckSymbolExists.c
/home/layvis/Desktop/Try/Forest/build/build_custom/CMakeFiles/CMakeTmp/CheckSymbolExists.c: In function ‘main’:
/home/layvis/Desktop/Try/Forest/build/build_custom/CMakeFiles/CMakeTmp/CheckSymbolExists.c:8:19: error: ‘elf_aux_info’ undeclared (first use in this function)
    8 |   return ((int*)(&elf_aux_info))[argc];
      |                   ^~~~~~~~~~~~
/home/layvis/Desktop/Try/Forest/build/build_custom/CMakeFiles/CMakeTmp/CheckSymbolExists.c:8:19: note: each undeclared identifier is reported only once for each function it appears in
gmake[1]: *** [CMakeFiles/cmTC_d6835.dir/build.make:78: CMakeFiles/cmTC_d6835.dir/CheckSymbolExists.c.o] Error 1
gmake[1]: Leaving directory '/home/layvis/Desktop/Try/Forest/build/build_custom/CMakeFiles/CMakeTmp'
gmake: *** [Makefile:127: cmTC_d6835/fast] Error 2


File /home/layvis/Desktop/Try/Forest/build/build_custom/CMakeFiles/CMakeTmp/CheckSymbolExists.c:
/* */
#include <sys/auxv.h>

int main(int argc, char** argv)
{
  (void)argv;
#ifndef elf_aux_info
  return ((int*)(&elf_aux_info))[argc];
#else
  (void)argc;
  return 0;
#endif
}
Determining if the posix_spawn_file_actions_addchdir exist failed with the following output:
Change Dir: /home/layvis/Desktop/Try/Forest/build/build_custom/CMakeFiles/CMakeTmp

Run Build Command(s):/usr/bin/gmake -f Makefile cmTC_b0faa/fast && /usr/bin/gmake  -f CMakeFiles/cmTC_b0faa.dir/build.make CMakeFiles/cmTC_b0faa.dir/build
gmake[1]: Entering directory '/home/layvis/Desktop/Try/Forest/build/build_custom/CMakeFiles/CMakeTmp'
Building C object CMakeFiles/cmTC_b0faa.dir/CheckSymbolExists.c.o
/usr/bin/cc   -D_GNU_SOURCE=1 -o CMakeFiles/cmTC_b0faa.dir/CheckSymbolExists.c.o -c /home/layvis/Desktop/Try/Forest/build/build_custom/CMakeFiles/CMakeTmp/CheckSymbolExists.c
/home/layvis/Desktop/Try/Forest/build/build_custom/CMakeFiles/CMakeTmp/CheckSymbolExists.c: In function ‘main’:
/home/layvis/Desktop/Try/Forest/build/build_custom/CMakeFiles/CMakeTmp/CheckSymbolExists.c:8:19: error: ‘posix_spawn_file_actions_addchdir’ undeclared (first use in this function); did you mean ‘posix_spawn_file_actions_addchdir_np’?
    8 |   return ((int*)(&posix_spawn_file_actions_addchdir))[argc];
      |                   ^~~~~~~~~~~~~~~~~~~~~~~~~~~~~~~~~
      |                   posix_spawn_file_actions_addchdir_np
/home/layvis/Desktop/Try/Forest/build/build_custom/CMakeFiles/CMakeTmp/CheckSymbolExists.c:8:19: note: each undeclared identifier is reported only once for each function it appears in
gmake[1]: *** [CMakeFiles/cmTC_b0faa.dir/build.make:78: CMakeFiles/cmTC_b0faa.dir/CheckSymbolExists.c.o] Error 1
gmake[1]: Leaving directory '/home/layvis/Desktop/Try/Forest/build/build_custom/CMakeFiles/CMakeTmp'
gmake: *** [Makefile:127: cmTC_b0faa/fast] Error 2


File /home/layvis/Desktop/Try/Forest/build/build_custom/CMakeFiles/CMakeTmp/CheckSymbolExists.c:
/* */
#include <spawn.h>

int main(int argc, char** argv)
{
  (void)argv;
#ifndef posix_spawn_file_actions_addchdir
  return ((int*)(&posix_spawn_file_actions_addchdir))[argc];
#else
  (void)argc;
  return 0;
#endif
}
Performing C SOURCE FILE Test ICONV_IN_LIBICONV failed with the following output:
Change Dir: /home/layvis/Desktop/Try/Forest/build/build_custom/CMakeFiles/CMakeTmp

Run Build Command(s):/usr/bin/gmake -f Makefile cmTC_0ac56/fast && /usr/bin/gmake  -f CMakeFiles/cmTC_0ac56.dir/build.make CMakeFiles/cmTC_0ac56.dir/build
gmake[1]: Entering directory '/home/layvis/Desktop/Try/Forest/build/build_custom/CMakeFiles/CMakeTmp'
Building C object CMakeFiles/cmTC_0ac56.dir/src.c.o
/usr/bin/cc -DICONV_IN_LIBICONV  -D_GNU_SOURCE=1 -o CMakeFiles/cmTC_0ac56.dir/src.c.o -c /home/layvis/Desktop/Try/Forest/build/build_custom/CMakeFiles/CMakeTmp/src.c
Linking C executable cmTC_0ac56
/usr/bin/cmake -E cmake_link_script CMakeFiles/cmTC_0ac56.dir/link.txt --verbose=1
/usr/bin/cc   -D_GNU_SOURCE=1 CMakeFiles/cmTC_0ac56.dir/src.c.o -o cmTC_0ac56  -liconv 
/usr/bin/ld: cannot find -liconv: No such file or directory
collect2: error: ld returned 1 exit status
gmake[1]: *** [CMakeFiles/cmTC_0ac56.dir/build.make:99: cmTC_0ac56] Error 1
gmake[1]: Leaving directory '/home/layvis/Desktop/Try/Forest/build/build_custom/CMakeFiles/CMakeTmp'
gmake: *** [Makefile:127: cmTC_0ac56/fast] Error 2


Source file was:

        #include <stddef.h>
        #include <iconv.h>
        int main(int argc, char **argv) {
            return !iconv_open(NULL,NULL);
        }
Performing C SOURCE FILE Test LIBC_HAS_WORKING_LIBUNWIND failed with the following output:
Change Dir: /home/layvis/Desktop/Try/Forest/build/build_custom/CMakeFiles/CMakeTmp

Run Build Command(s):/usr/bin/gmake -f Makefile cmTC_ef071/fast && /usr/bin/gmake  -f CMakeFiles/cmTC_ef071.dir/build.make CMakeFiles/cmTC_ef071.dir/build
gmake[1]: Entering directory '/home/layvis/Desktop/Try/Forest/build/build_custom/CMakeFiles/CMakeTmp'
Building C object CMakeFiles/cmTC_ef071.dir/src.c.o
/usr/bin/cc -DLIBC_HAS_WORKING_LIBUNWIND  -D_GNU_SOURCE=1 -o CMakeFiles/cmTC_ef071.dir/src.c.o -c /home/layvis/Desktop/Try/Forest/build/build_custom/CMakeFiles/CMakeTmp/src.c
/home/layvis/Desktop/Try/Forest/build/build_custom/CMakeFiles/CMakeTmp/src.c:1:16: fatal error: libunwind.h: No such file or directory
    1 |       #include <libunwind.h>
      |                ^~~~~~~~~~~~~
compilation terminated.
gmake[1]: *** [CMakeFiles/cmTC_ef071.dir/build.make:78: CMakeFiles/cmTC_ef071.dir/src.c.o] Error 1
gmake[1]: Leaving directory '/home/layvis/Desktop/Try/Forest/build/build_custom/CMakeFiles/CMakeTmp'
gmake: *** [Makefile:127: cmTC_ef071/fast] Error 2


Source file was:
      #include <libunwind.h>
      int main(int argc, char *argv[]) {
        (void)argc; (void)argv;
        unw_context_t context;
        unw_cursor_t cursor;
        unw_word_t pc;
        char sym[256];
        unw_word_t offset;
        unw_getcontext(&context);
        unw_step(&cursor);
        unw_get_reg(&cursor, UNW_REG_IP, &pc);
        unw_get_proc_name(&cursor, sym, sizeof(sym), &offset);
        return 0;
      }
Performing C SOURCE FILE Test LIBUNWIND_HAS_WORKINGLIBUNWIND failed with the following output:
Change Dir: /home/layvis/Desktop/Try/Forest/build/build_custom/CMakeFiles/CMakeTmp

Run Build Command(s):/usr/bin/gmake -f Makefile cmTC_2cb33/fast && /usr/bin/gmake  -f CMakeFiles/cmTC_2cb33.dir/build.make CMakeFiles/cmTC_2cb33.dir/build
gmake[1]: Entering directory '/home/layvis/Desktop/Try/Forest/build/build_custom/CMakeFiles/CMakeTmp'
Building C object CMakeFiles/cmTC_2cb33.dir/src.c.o
/usr/bin/cc -DLIBUNWIND_HAS_WORKINGLIBUNWIND  -D_GNU_SOURCE=1 -o CMakeFiles/cmTC_2cb33.dir/src.c.o -c /home/layvis/Desktop/Try/Forest/build/build_custom/CMakeFiles/CMakeTmp/src.c
/home/layvis/Desktop/Try/Forest/build/build_custom/CMakeFiles/CMakeTmp/src.c:1:16: fatal error: libunwind.h: No such file or directory
    1 |       #include <libunwind.h>
      |                ^~~~~~~~~~~~~
compilation terminated.
gmake[1]: *** [CMakeFiles/cmTC_2cb33.dir/build.make:78: CMakeFiles/cmTC_2cb33.dir/src.c.o] Error 1
gmake[1]: Leaving directory '/home/layvis/Desktop/Try/Forest/build/build_custom/CMakeFiles/CMakeTmp'
gmake: *** [Makefile:127: cmTC_2cb33/fast] Error 2


Source file was:
      #include <libunwind.h>
      int main(int argc, char *argv[]) {
        (void)argc; (void)argv;
        unw_context_t context;
        unw_cursor_t cursor;
        unw_word_t pc;
        char sym[256];
        unw_word_t offset;
        unw_getcontext(&context);
        unw_step(&cursor);
        unw_get_reg(&cursor, UNW_REG_IP, &pc);
        unw_get_proc_name(&cursor, sym, sizeof(sym), &offset);
        return 0;
      }
Determining if the include file pthread_np.h exists failed with the following output:
Change Dir: /home/layvis/Desktop/Try/Forest/build/build_custom/CMakeFiles/CMakeTmp

Run Build Command(s):/usr/bin/gmake -f Makefile cmTC_07331/fast && /usr/bin/gmake  -f CMakeFiles/cmTC_07331.dir/build.make CMakeFiles/cmTC_07331.dir/build
gmake[1]: Entering directory '/home/layvis/Desktop/Try/Forest/build/build_custom/CMakeFiles/CMakeTmp'
Building C object CMakeFiles/cmTC_07331.dir/CheckIncludeFile.c.o
/usr/bin/cc   -D_GNU_SOURCE=1 -D_REENTRANT -pthread -o CMakeFiles/cmTC_07331.dir/CheckIncludeFile.c.o -c /home/layvis/Desktop/Try/Forest/build/build_custom/CMakeFiles/CMakeTmp/CheckIncludeFile.c
/home/layvis/Desktop/Try/Forest/build/build_custom/CMakeFiles/CMakeTmp/CheckIncludeFile.c:1:10: fatal error: pthread_np.h: No such file or directory
    1 | #include <pthread_np.h>
      |          ^~~~~~~~~~~~~~
compilation terminated.
gmake[1]: *** [CMakeFiles/cmTC_07331.dir/build.make:78: CMakeFiles/cmTC_07331.dir/CheckIncludeFile.c.o] Error 1
gmake[1]: Leaving directory '/home/layvis/Desktop/Try/Forest/build/build_custom/CMakeFiles/CMakeTmp'
gmake: *** [Makefile:127: cmTC_07331/fast] Error 2



